# JRE version: Java(TM) SE Runtime Environment (8.0_131-b11) (build 1.8.0_131-b11)
# Java VM: Java HotSpot(TM) 64-Bit Server VM (25.131-b11 mixed mode windows-amd64 compressed oops)
Heap:
 garbage-first heap   total 196608K, used 83640K [0x00000000c0000000, 0x00000000c0100600, 0x0000000100000000)
  region size 1024K, 76 young (77824K), 10 survivors (10240K)
 Metaspace       used 27921K, capacity 29942K, committed 30080K, reserved 1075200K
  class space    used 3116K, capacity 3656K, committed 3712K, reserved 1048576K
GC Heap History (6 events):
Event: 0.417 GC heap before
{Heap before GC invocations=0 (full 0):
 garbage-first heap   total 196608K, used 9216K [0x00000000c0000000, 0x00000000c0100600, 0x0000000100000000)
  region size 1024K, 9 young (9216K), 0 survivors (0K)
 Metaspace       used 5319K, capacity 5492K, committed 5760K, reserved 1056768K
  class space    used 566K, capacity 599K, committed 640K, reserved 1048576K
Event: 0.420 GC heap after
Heap after GC invocations=1 (full 0):
 garbage-first heap   total 196608K, used 2829K [0x00000000c0000000, 0x00000000c0100600, 0x0000000100000000)
  region size 1024K, 2 young (2048K), 2 survivors (2048K)
 Metaspace       used 5319K, capacity 5492K, committed 5760K, reserved 1056768K
  class space    used 566K, capacity 599K, committed 640K, reserved 1048576K
}
Event: 0.840 GC heap before
{Heap before GC invocations=1 (full 0):
 garbage-first heap   total 196608K, used 21261K [0x00000000c0000000, 0x00000000c0100600, 0x0000000100000000)
  region size 1024K, 20 young (20480K), 2 survivors (2048K)
 Metaspace       used 9700K, capacity 10080K, committed 10112K, reserved 1058816K
  class space    used 1015K, capacity 1150K, committed 1152K, reserved 1048576K
Event: 0.846 GC heap after
Heap after GC invocations=2 (full 0):
 garbage-first heap   total 196608K, used 8673K [0x00000000c0000000, 0x00000000c0100600, 0x0000000100000000)
  region size 1024K, 3 young (3072K), 3 survivors (3072K)
 Metaspace       used 9700K, capacity 10080K, committed 10112K, reserved 1058816K
  class space    used 1015K, capacity 1150K, committed 1152K, reserved 1048576K
}
Event: 1.437 GC heap before
{Heap before GC invocations=2 (full 0):
 garbage-first heap   total 196608K, used 41441K [0x00000000c0000000, 0x00000000c0100600, 0x0000000100000000)
  region size 1024K, 36 young (36864K), 3 survivors (3072K)
 Metaspace       used 20211K, capacity 21218K, committed 21296K, reserved 1069056K
  class space    used 2087K, capacity 2390K, committed 2432K, reserved 1048576K
Event: 1.445 GC heap after
Heap after GC invocations=3 (full 0):
 garbage-first heap   total 196608K, used 19128K [0x00000000c0000000, 0x00000000c0100600, 0x0000000100000000)
  region size 1024K, 10 young (10240K), 10 survivors (10240K)
 Metaspace       used 20211K, capacity 21218K, committed 21296K, reserved 1069056K
  class space    used 2087K, capacity 2390K, committed 2432K, reserved 1048576K
}

