# JRE version: Java(TM) SE Runtime Environment (8.0_131-b11) (build 1.8.0_131-b11)
# Java VM: Java HotSpot(TM) 64-Bit Server VM (25.131-b11 mixed mode windows-amd64 compressed oops)
Heap:
 garbage-first heap   total 196608K, used 53567K [0x00000000c0000000, 0x00000000c0100600, 0x0000000100000000)
  region size 1024K, 49 young (50176K), 11 survivors (11264K)
 Metaspace       used 25281K, capacity 27076K, committed 27392K, reserved 1073152K
  class space    used 2737K, capacity 3277K, committed 3328K, reserved 1048576K
GC Heap History (6 events):
Event: 0.395 GC heap before
{Heap before GC invocations=0 (full 0):
 garbage-first heap   total 196608K, used 9216K [0x00000000c0000000, 0x00000000c0100600, 0x0000000100000000)
  region size 1024K, 9 young (9216K), 0 survivors (0K)
 Metaspace       used 5317K, capacity 5492K, committed 5760K, reserved 1056768K
  class space    used 566K, capacity 599K, committed 640K, reserved 1048576K
Event: 0.398 GC heap after
Heap after GC invocations=1 (full 0):
 garbage-first heap   total 196608K, used 2823K [0x00000000c0000000, 0x00000000c0100600, 0x0000000100000000)
  region size 1024K, 2 young (2048K), 2 survivors (2048K)
 Metaspace       used 5317K, capacity 5492K, committed 5760K, reserved 1056768K
  class space    used 566K, capacity 599K, committed 640K, reserved 1048576K
}
Event: 0.814 GC heap before
{Heap before GC invocations=1 (full 0):
 garbage-first heap   total 196608K, used 21255K [0x00000000c0000000, 0x00000000c0100600, 0x0000000100000000)
  region size 1024K, 20 young (20480K), 2 survivors (2048K)
 Metaspace       used 9698K, capacity 10144K, committed 10368K, reserved 1058816K
  class space    used 1015K, capacity 1150K, committed 1152K, reserved 1048576K
Event: 0.820 GC heap after
Heap after GC invocations=2 (full 0):
 garbage-first heap   total 196608K, used 8336K [0x00000000c0000000, 0x00000000c0100600, 0x0000000100000000)
  region size 1024K, 3 young (3072K), 3 survivors (3072K)
 Metaspace       used 9698K, capacity 10144K, committed 10368K, reserved 1058816K
  class space    used 1015K, capacity 1150K, committed 1152K, reserved 1048576K
}
Event: 1.316 GC heap before
{Heap before GC invocations=2 (full 0):
 garbage-first heap   total 196608K, used 41104K [0x00000000c0000000, 0x00000000c0100600, 0x0000000100000000)
  region size 1024K, 36 young (36864K), 3 survivors (3072K)
 Metaspace       used 20180K, capacity 21218K, committed 21296K, reserved 1069056K
  class space    used 2080K, capacity 2390K, committed 2432K, reserved 1048576K
Event: 1.326 GC heap after
Heap after GC invocations=3 (full 0):
 garbage-first heap   total 196608K, used 17727K [0x00000000c0000000, 0x00000000c0100600, 0x0000000100000000)
  region size 1024K, 11 young (11264K), 11 survivors (11264K)
 Metaspace       used 20180K, capacity 21218K, committed 21296K, reserved 1069056K
  class space    used 2080K, capacity 2390K, committed 2432K, reserved 1048576K
}

